Flow report for decoder3_8
Wed May 18 14:05:22 2016
Quartus Prime Version 15.1.0 Build 185 10/21/2015 SJ Lite Edition


---------------------
; Table of Contents ;
---------------------
  1. Legal Notice
  2. Flow Summary
  3. Flow Settings
  4. Flow Non-Default Global Settings
  5. Flow Elapsed Time
  6. Flow OS Summary
  7. Flow Log
  8. Flow Messages
  9. Flow Suppressed Messages



----------------
; Legal Notice ;
----------------
Copyright (C) 1991-2015 Altera Corporation. All rights reserved.
Your use of Altera Corporation's design tools, logic functions 
and other software and tools, and its AMPP partner logic 
functions, and any output files from any of the foregoing 
(including device programming or simulation files), and any 
associated documentation or information are expressly subject 
to the terms and conditions of the Altera Program License 
Subscription Agreement, the Altera Quartus Prime License Agreement,
the Altera MegaCore Function License Agreement, or other 
applicable license agreement, including, without limitation, 
that your use is for the sole purpose of programming logic 
devices manufactured by Altera and sold by Altera or its 
authorized distributors.  Please refer to the applicable 
agreement for further details.



+----------------------------------------------------------------------------------+
; Flow Summary                                                                     ;
+------------------------------------+---------------------------------------------+
; Flow Status                        ; Successful - Wed May 18 14:05:22 2016       ;
; Quartus Prime Version              ; 15.1.0 Build 185 10/21/2015 SJ Lite Edition ;
; Revision Name                      ; decoder3_8                                  ;
; Top-level Entity Name              ; decoder3_8                                  ;
; Family                             ; Cyclone IV E                                ;
; Device                             ; EP4CE10E22A7                                ;
; Timing Models                      ; Final                                       ;
; Total logic elements               ; 8 / 10,320 ( < 1 % )                        ;
;     Total combinational functions  ; 8 / 10,320 ( < 1 % )                        ;
;     Dedicated logic registers      ; 0 / 10,320 ( 0 % )                          ;
; Total registers                    ; 0                                           ;
; Total pins                         ; 12 / 92 ( 13 % )                            ;
; Total virtual pins                 ; 0                                           ;
; Total memory bits                  ; 0 / 423,936 ( 0 % )                         ;
; Embedded Multiplier 9-bit elements ; 0 / 46 ( 0 % )                              ;
; Total PLLs                         ; 0 / 2 ( 0 % )                               ;
+------------------------------------+---------------------------------------------+


+-----------------------------------------+
; Flow Settings                           ;
+-------------------+---------------------+
; Option            ; Setting             ;
+-------------------+---------------------+
; Start date & time ; 05/18/2016 13:59:52 ;
; Main task         ; Compilation         ;
; Revision Name     ; decoder3_8          ;
+-------------------+---------------------+


+----------------------------------------------------------------------------------------------------------------------------+
; Flow Non-Default Global Settings                                                                                           ;
+-------------------------------------+---------------------------------+---------------+-------------+----------------------+
; Assignment Name                     ; Value                           ; Default Value ; Entity Name ; Section Id           ;
+-------------------------------------+---------------------------------+---------------+-------------+----------------------+
; COMPILER_SIGNATURE_ID               ; 224564550889586.146354759108084 ; --            ; --          ; --                   ;
; EDA_DESIGN_ENTRY_SYNTHESIS_TOOL     ; Precision Synthesis             ; <None>        ; --          ; --                   ;
; EDA_INPUT_DATA_FORMAT               ; Vqm                             ; --            ; --          ; eda_design_synthesis ;
; EDA_LMF_FILE                        ; mentor.lmf                      ; --            ; --          ; eda_design_synthesis ;
; EDA_OUTPUT_DATA_FORMAT              ; Vhdl                            ; --            ; --          ; eda_simulation       ;
; EDA_SIMULATION_TOOL                 ; ModelSim-Altera (VHDL)          ; <None>        ; --          ; --                   ;
; MAX_CORE_JUNCTION_TEMP              ; 125                             ; --            ; --          ; --                   ;
; MIN_CORE_JUNCTION_TEMP              ; -40                             ; --            ; --          ; --                   ;
; NOMINAL_CORE_SUPPLY_VOLTAGE         ; 1.2V                            ; --            ; --          ; --                   ;
; PARTITION_COLOR                     ; 16764057                        ; --            ; --          ; Top                  ;
; PARTITION_FITTER_PRESERVATION_LEVEL ; PLACEMENT_AND_ROUTING           ; --            ; --          ; Top                  ;
; PARTITION_NETLIST_TYPE              ; SOURCE                          ; --            ; --          ; Top                  ;
; PROJECT_OUTPUT_DIRECTORY            ; output_files                    ; --            ; --          ; --                   ;
+-------------------------------------+---------------------------------+---------------+-------------+----------------------+


+-------------------------------------------------------------------------------------------------------------------------------+
; Flow Elapsed Time                                                                                                             ;
+---------------------------+--------------+-------------------------+---------------------+------------------------------------+
; Module Name               ; Elapsed Time ; Average Processors Used ; Peak Virtual Memory ; Total CPU Time (on all processors) ;
+---------------------------+--------------+-------------------------+---------------------+------------------------------------+
; Analysis & Synthesis      ; 00:00:41     ; 1.0                     ; 822 MB              ; 00:01:19                           ;
; Fitter                    ; 00:00:20     ; 1.0                     ; 1212 MB             ; 00:00:17                           ;
; Assembler                 ; 00:00:07     ; 1.0                     ; 717 MB              ; 00:00:05                           ;
; TimeQuest Timing Analyzer ; 00:00:10     ; 1.0                     ; 777 MB              ; 00:00:08                           ;
; EDA Netlist Writer        ; 00:00:03     ; 1.0                     ; 680 MB              ; 00:00:02                           ;
; EDA Netlist Writer        ; 00:00:02     ; 1.0                     ; 670 MB              ; 00:00:02                           ;
; EDA Netlist Writer        ; 00:00:01     ; 1.0                     ; 674 MB              ; 00:00:01                           ;
; Total                     ; 00:01:24     ; --                      ; --                  ; 00:01:54                           ;
+---------------------------+--------------+-------------------------+---------------------+------------------------------------+


+----------------------------------------------------------------------------------------+
; Flow OS Summary                                                                        ;
+---------------------------+------------------+-----------+------------+----------------+
; Module Name               ; Machine Hostname ; OS Name   ; OS Version ; Processor type ;
+---------------------------+------------------+-----------+------------+----------------+
; Analysis & Synthesis      ; STUDY            ; Windows 8 ; 6.2        ; x86_64         ;
; Fitter                    ; STUDY            ; Windows 8 ; 6.2        ; x86_64         ;
; Assembler                 ; STUDY            ; Windows 8 ; 6.2        ; x86_64         ;
; TimeQuest Timing Analyzer ; STUDY            ; Windows 8 ; 6.2        ; x86_64         ;
; EDA Netlist Writer        ; STUDY            ; Windows 8 ; 6.2        ; x86_64         ;
; EDA Netlist Writer        ; STUDY            ; Windows 8 ; 6.2        ; x86_64         ;
; EDA Netlist Writer        ; STUDY            ; Windows 8 ; 6.2        ; x86_64         ;
+---------------------------+------------------+-----------+------------+----------------+


------------
; Flow Log ;
------------
quartus_map --read_settings_files=on --write_settings_files=off decoder3_8 -c decoder3_8
quartus_fit --read_settings_files=off --write_settings_files=off decoder3_8 -c decoder3_8
quartus_asm --read_settings_files=off --write_settings_files=off decoder3_8 -c decoder3_8
quartus_sta decoder3_8 -c decoder3_8
quartus_eda --read_settings_files=off --write_settings_files=off decoder3_8 -c decoder3_8
quartus_eda --gen_testbench --tool=modelsim_oem --format=verilog --write_settings_files=off decoder3_8 -c decoder3_8 --vector_source=C:/Decoder/decoder_wave.vwf --testbench_file=C:/Decoder/simulation/qsim/decoder_wave.vwf.vt
quartus_eda --write_settings_files=off --functional=on --flatten_buses=off --simulation=on --tool=modelsim_oem --format=verilog --output_directory=C:/Decoder/simulation/qsim/ decoder3_8 -c decoder3_8



