Flow report for DES_S0
Sat May 21 17:33:19 2016
Quartus Prime Version 15.1.0 Build 185 10/21/2015 SJ Lite Edition


---------------------
; Table of Contents ;
---------------------
  1. Legal Notice
  2. Flow Summary
  3. Flow Settings
  4. Flow Non-Default Global Settings
  5. Flow Elapsed Time
  6. Flow OS Summary
  7. Flow Log
  8. Flow Messages
  9. Flow Suppressed Messages



----------------
; Legal Notice ;
----------------
Copyright (C) 1991-2015 Altera Corporation. All rights reserved.
Your use of Altera Corporation's design tools, logic functions 
and other software and tools, and its AMPP partner logic 
functions, and any output files from any of the foregoing 
(including device programming or simulation files), and any 
associated documentation or information are expressly subject 
to the terms and conditions of the Altera Program License 
Subscription Agreement, the Altera Quartus Prime License Agreement,
the Altera MegaCore Function License Agreement, or other 
applicable license agreement, including, without limitation, 
that your use is for the sole purpose of programming logic 
devices manufactured by Altera and sold by Altera or its 
authorized distributors.  Please refer to the applicable 
agreement for further details.



+----------------------------------------------------------------------------------+
; Flow Summary                                                                     ;
+------------------------------------+---------------------------------------------+
; Flow Status                        ; Successful - Sat May 21 17:33:19 2016       ;
; Quartus Prime Version              ; 15.1.0 Build 185 10/21/2015 SJ Lite Edition ;
; Revision Name                      ; DES_S0                                      ;
; Top-level Entity Name              ; DES_S0                                      ;
; Family                             ; Cyclone IV E                                ;
; Device                             ; EP4CE10E22A7                                ;
; Timing Models                      ; Final                                       ;
; Total logic elements               ; 24 / 10,320 ( < 1 % )                       ;
;     Total combinational functions  ; 24 / 10,320 ( < 1 % )                       ;
;     Dedicated logic registers      ; 0 / 10,320 ( 0 % )                          ;
; Total registers                    ; 0                                           ;
; Total pins                         ; 10 / 92 ( 11 % )                            ;
; Total virtual pins                 ; 0                                           ;
; Total memory bits                  ; 0 / 423,936 ( 0 % )                         ;
; Embedded Multiplier 9-bit elements ; 0 / 46 ( 0 % )                              ;
; Total PLLs                         ; 0 / 2 ( 0 % )                               ;
+------------------------------------+---------------------------------------------+


+-----------------------------------------+
; Flow Settings                           ;
+-------------------+---------------------+
; Option            ; Setting             ;
+-------------------+---------------------+
; Start date & time ; 05/21/2016 17:31:36 ;
; Main task         ; Compilation         ;
; Revision Name     ; DES_S0              ;
+-------------------+---------------------+


+----------------------------------------------------------------------------------------------------------------------------+
; Flow Non-Default Global Settings                                                                                           ;
+-------------------------------------+---------------------------------+---------------+-------------+----------------------+
; Assignment Name                     ; Value                           ; Default Value ; Entity Name ; Section Id           ;
+-------------------------------------+---------------------------------+---------------+-------------+----------------------+
; COMPILER_SIGNATURE_ID               ; 224564550889586.146381949606416 ; --            ; --          ; --                   ;
; EDA_DESIGN_ENTRY_SYNTHESIS_TOOL     ; Precision Synthesis             ; <None>        ; --          ; --                   ;
; EDA_INPUT_DATA_FORMAT               ; Vqm                             ; --            ; --          ; eda_design_synthesis ;
; EDA_LMF_FILE                        ; mentor.lmf                      ; --            ; --          ; eda_design_synthesis ;
; EDA_OUTPUT_DATA_FORMAT              ; Vhdl                            ; --            ; --          ; eda_simulation       ;
; EDA_SIMULATION_TOOL                 ; ModelSim-Altera (VHDL)          ; <None>        ; --          ; --                   ;
; MAX_CORE_JUNCTION_TEMP              ; 125                             ; --            ; --          ; --                   ;
; MIN_CORE_JUNCTION_TEMP              ; -40                             ; --            ; --          ; --                   ;
; NOMINAL_CORE_SUPPLY_VOLTAGE         ; 1.2V                            ; --            ; --          ; --                   ;
; PARTITION_COLOR                     ; 16764057                        ; --            ; --          ; Top                  ;
; PARTITION_FITTER_PRESERVATION_LEVEL ; PLACEMENT_AND_ROUTING           ; --            ; --          ; Top                  ;
; PARTITION_NETLIST_TYPE              ; SOURCE                          ; --            ; --          ; Top                  ;
; PROJECT_OUTPUT_DIRECTORY            ; output_files                    ; --            ; --          ; --                   ;
+-------------------------------------+---------------------------------+---------------+-------------+----------------------+


+-------------------------------------------------------------------------------------------------------------------------------+
; Flow Elapsed Time                                                                                                             ;
+---------------------------+--------------+-------------------------+---------------------+------------------------------------+
; Module Name               ; Elapsed Time ; Average Processors Used ; Peak Virtual Memory ; Total CPU Time (on all processors) ;
+---------------------------+--------------+-------------------------+---------------------+------------------------------------+
; Analysis & Synthesis      ; 00:00:32     ; 1.0                     ; 824 MB              ; 00:01:01                           ;
; Fitter                    ; 00:00:16     ; 1.0                     ; 1213 MB             ; 00:00:18                           ;
; Assembler                 ; 00:00:05     ; 1.0                     ; 718 MB              ; 00:00:05                           ;
; TimeQuest Timing Analyzer ; 00:00:07     ; 1.0                     ; 778 MB              ; 00:00:07                           ;
; EDA Netlist Writer        ; 00:00:02     ; 1.0                     ; 682 MB              ; 00:00:01                           ;
; Total                     ; 00:01:02     ; --                      ; --                  ; 00:01:32                           ;
+---------------------------+--------------+-------------------------+---------------------+------------------------------------+


+----------------------------------------------------------------------------------------+
; Flow OS Summary                                                                        ;
+---------------------------+------------------+-----------+------------+----------------+
; Module Name               ; Machine Hostname ; OS Name   ; OS Version ; Processor type ;
+---------------------------+------------------+-----------+------------+----------------+
; Analysis & Synthesis      ; STUDY            ; Windows 8 ; 6.2        ; x86_64         ;
; Fitter                    ; STUDY            ; Windows 8 ; 6.2        ; x86_64         ;
; Assembler                 ; STUDY            ; Windows 8 ; 6.2        ; x86_64         ;
; TimeQuest Timing Analyzer ; STUDY            ; Windows 8 ; 6.2        ; x86_64         ;
; EDA Netlist Writer        ; STUDY            ; Windows 8 ; 6.2        ; x86_64         ;
+---------------------------+------------------+-----------+------------+----------------+


------------
; Flow Log ;
------------
quartus_map --read_settings_files=on --write_settings_files=off DES_S0 -c DES_S0
quartus_fit --read_settings_files=off --write_settings_files=off DES_S0 -c DES_S0
quartus_asm --read_settings_files=off --write_settings_files=off DES_S0 -c DES_S0
quartus_sta DES_S0 -c DES_S0
quartus_eda --read_settings_files=off --write_settings_files=off DES_S0 -c DES_S0



